============================================================
🚀 ЗАПУСК ГЕНЕРАЦИИ КАЛЕНДАРЯ
============================================================
🐍 Python версия: 3.10.20 (main, Mar  3 2026, 15:36:40) [GCC 13.3.0]
📁 Рабочая директория: /home/runner/work/Calendar_iPhone/Calendar_iPhone
🐍 Python версия: 3.10.20 (main, Mar  3 2026, 15:36:40) [GCC 13.3.0]
🔤 Кодировка по умолчанию: utf-8
🔤 Кодировка файловой системы: utf-8
🌍 Локаль установлена: ('en_US', 'UTF-8')
📂 Текущая директория: /home/runner/work/Calendar_iPhone/Calendar_iPhone
📄 Проверяю файл конфигурации: config.json
✅ Конфиг успешно загружен с кодировкой: utf-8
📅 Месяцы в конфиге: ['Янв', 'Фев', 'Мар', 'Апр', 'Май', 'Июн', 'Июл', 'Авг', 'Сен', 'Окт', 'Ноя', 'Дек']
   1. 'Янв' (длина: 3, первый символ код: 1071)
   2. 'Фев' (длина: 3, первый символ код: 1060)
   3. 'Мар' (длина: 3, первый символ код: 1052)
   4. 'Апр' (длина: 3, первый символ код: 1040)
   5. 'Май' (длина: 3, первый символ код: 1052)
   6. 'Июн' (длина: 3, первый символ код: 1048)
   7. 'Июл' (длина: 3, первый символ код: 1048)
   8. 'Авг' (длина: 3, первый символ код: 1040)
   9. 'Сен' (длина: 3, первый символ код: 1057)
   10. 'Окт' (длина: 3, первый символ код: 1054)
   11. 'Ноя' (длина: 3, первый символ код: 1053)
   12. 'Дек' (длина: 3, первый символ код: 1044)
✅ Загружено 230 фраз из списка
✅ Настройки фразы:
   Отступы: ↑1000px ↓40px ←70px →70px
📊 Прогресс расчета: 93/365 дней (25.5%)
✅ Загружен конфиг из config.json
📅 День года: 93 из 365
💬 Фраза дня #93: Настоящее глубже ожиданий...
📊 Всего фраз в базе: 230
🔤 Тестируем доступность шрифтов:
   ✓ Arial: /usr/share/fonts/truetype/msttcorefonts/Arial.ttf
   ✓ DejaVu Sans: /usr/share/fonts/truetype/dejavu/DejaVuSans.ttf
   ✓ Liberation Sans: /usr/share/fonts/truetype/liberation/LiberationSans-Regular.ttf
   ✓ Noto Sans: /usr/share/fonts/truetype/noto/NotoSans-Regular.ttf
   ✗ Ubuntu: не найден
   ✗ FreeSans: не найден
✅ Доступно 4 шрифтов: Arial, DejaVu Sans, Liberation Sans, Noto Sans
🚀 Начинаю генерацию изображения...
🎨 Начинаю отрисовку фразы: Настоящее глубже ожиданий...
✅ Шрифт загружен: Arial.ttf (поддерживает кириллицу)
📏 Параметры отрисовки: ширина=1180px, шрифт=52px
📝 Текст разбит на 1 строк
📍 Позиция: x=[70-1250], y=1000
  ✓ Строка 1: 'Настоящее глубже ожиданий...' на позиции (306, 1000)
✅ Фраза отрисована успешно
📐 Размеры месяцев: 346x262px, сетка 3x4
📅 Отрисовываю 12 месяцев...
✅ Шрифт загружен: Arial.ttf (поддерживает кириллицу)
📝 Месяц 1: 'Янв' (длина: 3, байты: b'\xd0\xaf\xd0\xbd\xd0\xb2')
📏 Шрифт поддерживает кириллицу: 'Янв' размер 83x33
✅ Месяц 'Янв' отрисован успешно
✅ Шрифт загружен: Arial.ttf (поддерживает кириллицу)
📝 Месяц 2: 'Фев' (длина: 3, байты: b'\xd0\xa4\xd0\xb5\xd0\xb2')
📏 Шрифт поддерживает кириллицу: 'Фев' размер 85x33
✅ Месяц 'Фев' отрисован успешно
✅ Шрифт загружен: Arial.ttf (поддерживает кириллицу)
📝 Месяц 3: 'Мар' (длина: 3, байты: b'\xd0\x9c\xd0\xb0\xd1\x80')
📏 Шрифт поддерживает кириллицу: 'Мар' размер 90x42
✅ Месяц 'Мар' отрисован успешно
✅ Шрифт загружен: Arial.ttf (поддерживает кириллицу)
📝 Месяц 4: 'Апр' (длина: 3, байты: b'\xd0\x90\xd0\xbf\xd1\x80')
📏 Шрифт поддерживает кириллицу: 'Апр' размер 82x42
✅ Месяц 'Апр' отрисован успешно
✅ Шрифт загружен: Arial.ttf (поддерживает кириллицу)
📝 Месяц 5: 'Май' (длина: 3, байты: b'\xd0\x9c\xd0\xb0\xd0\xb9')
📏 Шрифт поддерживает кириллицу: 'Май' размер 90x34
✅ Месяц 'Май' отрисован успешно
✅ Шрифт загружен: Arial.ttf (поддерживает кириллицу)
📝 Месяц 6: 'Июн' (длина: 3, байты: b'\xd0\x98\xd1\x8e\xd0\xbd')
📏 Шрифт поддерживает кириллицу: 'Июн' размер 93x33
✅ Месяц 'Июн' отрисован успешно
✅ Шрифт загружен: Arial.ttf (поддерживает кириллицу)
📝 Месяц 7: 'Июл' (длина: 3, байты: b'\xd0\x98\xd1\x8e\xd0\xbb')
📏 Шрифт поддерживает кириллицу: 'Июл' размер 93x33
✅ Месяц 'Июл' отрисован успешно
✅ Шрифт загружен: Arial.ttf (поддерживает кириллицу)
📝 Месяц 8: 'Авг' (длина: 3, байты: b'\xd0\x90\xd0\xb2\xd0\xb3')
📏 Шрифт поддерживает кириллицу: 'Авг' размер 73x33
✅ Месяц 'Авг' отрисован успешно
✅ Шрифт загружен: Arial.ttf (поддерживает кириллицу)
📝 Месяц 9: 'Сен' (длина: 3, байты: b'\xd0\xa1\xd0\xb5\xd0\xbd')
📏 Шрифт поддерживает кириллицу: 'Сен' размер 84x35
✅ Месяц 'Сен' отрисован успешно
✅ Шрифт загружен: Arial.ttf (поддерживает кириллицу)
📝 Месяц 10: 'Окт' (длина: 3, байты: b'\xd0\x9e\xd0\xba\xd1\x82')
📏 Шрифт поддерживает кириллицу: 'Окт' размер 77x35
✅ Месяц 'Окт' отрисован успешно
✅ Шрифт загружен: Arial.ttf (поддерживает кириллицу)
📝 Месяц 11: 'Ноя' (длина: 3, байты: b'\xd0\x9d\xd0\xbe\xd1\x8f')
📏 Шрифт поддерживает кириллицу: 'Ноя' размер 84x33
✅ Месяц 'Ноя' отрисован успешно
✅ Шрифт загружен: Arial.ttf (поддерживает кириллицу)
📝 Месяц 12: 'Дек' (длина: 3, байты: b'\xd0\x94\xd0\xb5\xd0\xba')
📏 Шрифт поддерживает кириллицу: 'Дек' размер 78x41
✅ Месяц 'Дек' отрисован успешно
✅ Шрифт загружен: Arial.ttf (поддерживает кириллицу)
✅ Изображение сохранено: calendar.png
📏 Размер файла: 64,818 байт
📊 Прогресс: 93/365 дней (25.5%)
💬 Фраза дня: #93 из 230
📍 Календарь начинается с: 900px
🎉 Генерация завершена!
✅ HTML страница создана: index.html
🌐 Для автоматизации: https://вашusername.github.io/calendar.png
============================================================
✅ ВСЕ ЗАДАЧИ ВЫПОЛНЕНЫ
